<?xml version="1.0" encoding="UTF-8"?>
<!-- Generated by org.testng.reporters.JUnitReportReporter -->
<testsuite hostname="imonkarkole" failures="0" tests="1" name="demoQATest.TextBoxTest" time="14.918" errors="0" timestamp="2022-03-25T12:10:55 IST" skipped="0">
  <testcase classname="demoQATest.TextBoxTest" name="textBoxTest" time="14.918"/>
  <system-out/>
</testsuite> <!-- demoQATest.TextBoxTest -->
