<?xml version="1.0" encoding="UTF-8"?>
<!-- Generated by org.testng.reporters.JUnitReportReporter -->
<testsuite hostname="imonkarkole" failures="0" tests="3" name="demoQATest.Practice" time="0.017" errors="0" timestamp="2022-03-25T11:02:40 IST" skipped="0">
  <testcase classname="demoQATest.Practice" name="test1" time="0.012"/>
  <system-out/>
  <testcase classname="demoQATest.Practice" name="test3" time="0.001"/>
  <system-out/>
  <testcase classname="demoQATest.Practice" name="test2" time="0.004"/>
  <system-out/>
</testsuite> <!-- demoQATest.Practice -->
