<?xml version="1.0" encoding="UTF-8"?>
<!-- Generated by org.testng.reporters.JUnitReportReporter -->
<testsuite hostname="imonkarkole" failures="0" tests="1" name="excel.ExcelDataCalling" time="3.881" errors="0" timestamp="2022-03-17T12:49:26 IST" skipped="0">
  <testcase classname="excel.ExcelDataCalling" name="call" time="3.881"/>
  <system-out/>
</testsuite> <!-- excel.ExcelDataCalling -->
