<?xml version="1.0" encoding="UTF-8"?>
<!-- Generated by org.testng.reporters.JUnitReportReporter -->
<testsuite hostname="imonkarkole" failures="0" tests="3" name="demoQATest.Zebra" time="0.009" errors="0" timestamp="2022-03-25T12:10:55 IST" skipped="0">
  <testcase classname="demoQATest.Zebra" name="test1" time="0.004"/>
  <system-out/>
  <testcase classname="demoQATest.Zebra" name="test3" time="0.002"/>
  <system-out/>
  <testcase classname="demoQATest.Zebra" name="test2" time="0.003"/>
  <system-out/>
</testsuite> <!-- demoQATest.Zebra -->
